<?xml version="1.0" encoding="UTF-8"?>
<!-- Generated by org.testng.reporters.JUnitReportReporter -->
<testsuite hostname="Navneeth" failures="0" tests="1" name="fashion.Backpacks" time="88.894" errors="0" timestamp="01 Dec 2021 14:17:24 GMT" skipped="0">
  <testcase classname="fashion.Backpacks" name="verifingTheResultsWithFiltersOnPrice" time="88.894"/>
</testsuite> <!-- fashion.Backpacks -->
