<?xml version="1.0" encoding="UTF-8"?>
<!-- Generated by org.testng.reporters.JUnitReportReporter -->
<testsuite hostname="Navneeth" failures="0" tests="1" name="homeModule.ValidatingTheFlashAdds" time="2.002" errors="0" timestamp="15 Nov 2021 04:54:25 GMT" skipped="0">
  <testcase classname="homeModule.ValidatingTheFlashAdds" name="ClickOnFlashAdds" time="2.002"/>
</testsuite> <!-- homeModule.ValidatingTheFlashAdds -->
