<?xml version="1.0" encoding="UTF-8"?>
<!-- Generated by org.testng.reporters.JUnitReportReporter -->
<testsuite hostname="Navneeth" failures="0" tests="1" name="utilityFolder.ITestListenersClass" time="0.040" errors="0" timestamp="06 Nov 2021 08:08:46 GMT" skipped="0">
  <testcase classname="utilityFolder.ITestListenersClass" name="test1" time="0.040"/>
</testsuite> <!-- utilityFolder.ITestListenersClass -->
