<?xml version="1.0" encoding="UTF-8"?>
<!-- Generated by org.testng.reporters.JUnitReportReporter -->
<testsuite hostname="Navneeth" failures="0" tests="1" name="grocery.ValidatingGrocery" time="6.598" errors="0" timestamp="16 Nov 2021 09:23:25 GMT" skipped="0">
  <testcase classname="grocery.ValidatingGrocery" name="selectingItemsFromHouseHold" time="6.598"/>
</testsuite> <!-- grocery.ValidatingGrocery -->
