<?xml version="1.0" encoding="UTF-8"?>
<!-- Generated by org.testng.reporters.JUnitReportReporter -->
<testsuite hostname="Navneeth" failures="0" tests="1" name="travel.ValidatingTheBasicFunctionalities" time="16.974" errors="0" timestamp="18 Nov 2021 16:14:56 GMT" skipped="0">
  <testcase classname="travel.ValidatingTheBasicFunctionalities" name="checkingFromToOptions" time="16.974"/>
</testsuite> <!-- travel.ValidatingTheBasicFunctionalities -->
