<?xml version="1.0" encoding="UTF-8"?>
<!-- Generated by org.testng.reporters.JUnitReportReporter -->
<testsuite hostname="Navneeth" failures="0" tests="2" name="topOffers.CheckingResultsOfDealOfTheDay" time="30.710" errors="0" timestamp="06 Nov 2021 18:12:47 GMT" skipped="0">
  <testcase classname="topOffers.CheckingResultsOfDealOfTheDay" name="test1" time="0.027"/>
  <testcase classname="topOffers.CheckingResultsOfDealOfTheDay" name="printingListOfItemsInDealOfDay" time="30.683"/>
</testsuite> <!-- topOffers.CheckingResultsOfDealOfTheDay -->
