<?xml version="1.0" encoding="UTF-8"?>
<!-- Generated by org.testng.reporters.JUnitReportReporter -->
<testsuite hostname="Navneeth" failures="0" tests="1" name="searchResults.VerifingTheSearchResult" time="25.358" errors="0" timestamp="10 Nov 2021 05:37:52 GMT" skipped="0">
  <testcase classname="searchResults.VerifingTheSearchResult" name="checkingTheSearchResult" time="25.358"/>
</testsuite> <!-- searchResults.VerifingTheSearchResult -->
