<?xml version="1.0" encoding="UTF-8"?>
<!-- Generated by org.testng.reporters.JUnitReportReporter -->
<testsuite hostname="Navneeth" failures="0" tests="1" name="electronics.CheckingTheFunctionalityOfFiltersInAC" time="14.222" errors="0" timestamp="14 Nov 2021 07:29:59 GMT" skipped="0">
  <testcase classname="electronics.CheckingTheFunctionalityOfFiltersInAC" name="capacityFilter" time="14.222"/>
</testsuite> <!-- electronics.CheckingTheFunctionalityOfFiltersInAC -->
